2015-10-03 14:00:16 INFO     Searching directory: test_files
2015-10-03 14:00:16 INFO     


********************************************************
*
* START
*
* Checking 1 files
*
********************************************************

2015-10-03 14:00:17 INFO     
********************************************************
*
* File: test_files/Southpaw.mkv
*
* Action: File will be converted
*
********************************************************

2015-10-03 14:00:17 INFO     File will be File will be converted
2015-10-03 14:00:17 ERROR    Error processing file: test_files/Southpaw.mkv
2015-10-03 14:00:17 INFO     
********************************************************
*
* END
*
* Processed 0 files
*
********************************************************



2015-10-03 14:00:39 INFO     Searching directory: test_files
2015-10-03 14:00:39 INFO     


********************************************************
*
* START
*
* Checking 1 files
*
********************************************************

2015-10-03 14:00:40 INFO     
********************************************************
*
* File: test_files/Southpaw.mkv
*
* Action: File will be converted
*
********************************************************

2015-10-03 14:00:40 INFO     File will be File will be converted
2015-10-03 14:00:40 ERROR    Error processing file: test_files/Southpaw.mkv
2015-10-03 14:00:40 INFO     
********************************************************
*
* END
*
* Processed 0 files
*
********************************************************



2015-10-03 14:01:27 INFO     Searching directory: test_files
2015-10-03 14:01:27 INFO     


********************************************************
*
* START
*
* Checking 1 files
*
********************************************************

2015-10-03 14:01:27 INFO     
********************************************************
*
* File: test_files/Southpaw.mkv
*
* Action: File will be converted
*
********************************************************

2015-10-03 14:01:27 INFO     File will be File will be converted
2015-10-03 14:01:27 ERROR    Error processing file: test_files/Southpaw.mkv
2015-10-03 14:01:27 INFO     
********************************************************
*
* END
*
* Processed 0 files
*
********************************************************



2015-10-03 14:02:53 INFO     Searching directory: test_files
2015-10-03 14:02:53 INFO     


********************************************************
*
* START
*
* Checking 1 files
*
********************************************************

2015-10-03 14:02:53 INFO     
********************************************************
*
* File: test_files/Southpaw.mkv
*
* Action: File will be converted
*
********************************************************

2015-10-03 14:02:53 INFO     File will be File will be converted
2015-10-03 14:02:53 ERROR    Error processing file: test_files/Southpaw.mkv
2015-10-03 14:02:53 INFO     
********************************************************
*
* END
*
* Processed 0 files
*
********************************************************



2015-10-03 14:04:24 INFO     Searching directory: test_files
2015-10-03 14:04:24 INFO     


********************************************************
*
* START
*
* Checking 1 files
*
********************************************************

2015-10-03 14:04:24 INFO     
********************************************************
*
* File: test_files/Southpaw.mkv
*
* Action: File will be converted
*
********************************************************

2015-10-03 14:04:24 INFO     File will be File will be converted
2015-10-03 14:04:24 ERROR    Error processing file: test_files/Southpaw.mkv
2015-10-03 14:04:24 INFO     
********************************************************
*
* END
*
* Processed 0 files
*
********************************************************



2015-10-03 14:05:02 INFO     Searching directory: test_files
2015-10-03 14:05:02 INFO     


********************************************************
*
* START
*
* Checking 1 files
*
********************************************************

2015-10-03 14:05:03 INFO     
********************************************************
*
* File: test_files/Southpaw.mkv
*
* Action: File will be converted
*
********************************************************

2015-10-03 14:05:03 INFO     File will be File will be converted
2015-10-03 14:05:03 ERROR    Error processing file: test_files/Southpaw.mkv
2015-10-03 14:05:03 INFO     
********************************************************
*
* END
*
* Processed 0 files
*
********************************************************



2015-10-03 16:54:11 INFO     Searching directory: test_files
2015-10-03 16:54:11 INFO     


********************************************************
*
* START
*
* Checking 1 files
*
********************************************************

2015-10-03 16:54:11 INFO     
********************************************************
*
* File: test_files/Southpaw.mkv
*
* Action: File will be converted
*
********************************************************

2015-10-03 16:54:11 INFO     File will be File will be converted
2015-10-03 16:54:11 ERROR    Error processing file: test_files/Southpaw.mkv
2015-10-03 16:54:11 INFO     
********************************************************
*
* END
*
* Processed 0 files
*
********************************************************



2015-10-03 16:59:43 INFO     Searching directory: test_files
2015-10-03 16:59:43 INFO     


********************************************************
*
* START
*
* Checking 1 files
*
********************************************************

2015-10-03 16:59:43 INFO     
********************************************************
*
* File: test_files/Southpaw.mkv
*
* Action: File will be converted
*
********************************************************

2015-10-03 16:59:43 INFO     File will be File will be converted
2015-10-03 16:59:43 ERROR    Error processing file: test_files/Southpaw.mkv
2015-10-03 16:59:43 INFO     
********************************************************
*
* END
*
* Processed 0 files
*
********************************************************



